<?xml version="1.0" encoding="UTF-8"?>
<robot generator="Robot 3.2.2 (Python 3.8.7 on win32)" generated="20210125 09:35:53.873" rpa="false">
<suite id="s1" name="KOHL" source="C:\Users\user\eclipse-workspace\Robot_Workspace\RobotFramework\KOHL">
<suite id="s1-s1" name="Search NewSuite" source="C:\Users\user\eclipse-workspace\Robot_Workspace\RobotFramework\KOHL\Search_NewSuite.robot">
<test id="s1-s1-t1" name="TC1_ValidateOrder">
<kw name="Append To Environment Variable" library="OperatingSystem">
<doc>Appends given ``values`` to environment variable ``name``.</doc>
<arguments>
<arg>Path</arg>
<arg>${OUTPUT_DIR}//driver</arg>
</arguments>
<msg timestamp="20210125 09:35:54.338" level="INFO">Environment variable 'Path' set to value 'C:/Program Files/Java/jre1.8.0_191/bin/server;C:/Program Files/Java/jre1.8.0_191/bin;C:/Program Files/Java/jre1.8.0_191/lib/amd64;C:\Program Files (x86)\Common Files\Oracle\Java\javapath;C:\ProgramData\Oracle\Java\javapath;C:\Program Files (x86)\Intel\iCLS Client\;C:\Program Files\Intel\iCLS Client\;C:\WINDOWS\system32;C:\WINDOWS;C:\WINDOWS\System32\Wbem;C:\WINDOWS\System32\WindowsPowerShell\v1.0\;C:\Program Files (x86)\Intel\Intel(R) Management Engine Components\DAL;C:\Program Files\Intel\Intel(R) Management Engine Components\DAL;C:\Program Files (x86)\Intel\Intel(R) Management Engine Components\IPT;C:\Program Files\Intel\Intel(R) Management Engine Components\IPT;C:\WINDOWS\System32\OpenSSH\;C:\Program Files\Git\cmd;C:\Program Files\nodejs\;C:\Program Files\dotnet\;C:\Program Files\Microsoft VS Code\bin;C:\Program Files (x86)\CodeBlocks\MinGW\bin;C:\Program Files (x86)\Groovy\bin;C:\Program Files\Java\jdk1.8.0_144\bin;C:\Program Files\Java\jre1.8.0_191\bin;C:\Program Files\Python38\Scripts;C:\Program Files\Python38\Lib;C:\Users\user\Anaconda3\ac3\New folder\New folder (2);C:\Users\user\Anaconda3\ac3\New folder\New folder (2)\Library\mingw-w64\bin;C:\Users\user\Anaconda3\ac3\New folder\New folder (2)\Library\usr\bin;C:\Users\user\Anaconda3\ac3\New folder\New folder (2)\Library\bin;C:\Users\user\Anaconda3\ac3\New folder\New folder (2)\Scripts;C:\Users\user\AppData\Local\Microsoft\WindowsApps;C:\Users\user\AppData\Roaming\npm;C:\Program Files (x86)\Groovy\bin;;C:\WINDOWS\system32;;C:\Users\user\eclipse-workspace\Robot_Workspace\RobotFramework\KOHL//driver'.</msg>
<status status="PASS" starttime="20210125 09:35:54.337" endtime="20210125 09:35:54.338"></status>
</kw>
<kw name="Open Browser" library="SeleniumLibrary">
<doc>Opens a new browser instance to the optional ``url``.</doc>
<arguments>
<arg>url=https://www.kohls.com/</arg>
<arg>browser=chrome</arg>
</arguments>
<msg timestamp="20210125 09:35:54.339" level="INFO">Opening browser 'chrome' to base url 'https://www.kohls.com/'.</msg>
<kw name="Capture Page Screenshot" library="SeleniumLibrary">
<doc>Takes a screenshot of the current page and embeds it into a log file.</doc>
<msg timestamp="20210125 09:36:01.104" level="FAIL">WebDriverException: Message: chrome not reachable
  (Session info: chrome=88.0.4324.104)
</msg>
<status status="FAIL" starttime="20210125 09:35:56.874" endtime="20210125 09:36:01.106"></status>
</kw>
<msg timestamp="20210125 09:36:01.107" level="WARN">Keyword 'Capture Page Screenshot' could not be run on failure: WebDriverException: Message: chrome not reachable
  (Session info: chrome=88.0.4324.104)
</msg>
<msg timestamp="20210125 09:36:01.137" level="FAIL">WebDriverException: Message: unknown error: cannot determine loading status
from disconnected: received Inspector.detached event
  (Session info: chrome=88.0.4324.104)
</msg>
<status status="FAIL" starttime="20210125 09:35:54.338" endtime="20210125 09:36:01.139"></status>
</kw>
<status status="FAIL" starttime="20210125 09:35:54.334" endtime="20210125 09:36:01.148" critical="yes">WebDriverException: Message: unknown error: cannot determine loading status
from disconnected: received Inspector.detached event
  (Session info: chrome=88.0.4324.104)
</status>
</test>
<status status="FAIL" starttime="20210125 09:35:53.939" endtime="20210125 09:36:01.165"></status>
</suite>
<status status="FAIL" starttime="20210125 09:35:53.913" endtime="20210125 09:36:01.184"></status>
</suite>
<statistics>
<total>
<stat pass="0" fail="1">Critical Tests</stat>
<stat pass="0" fail="1">All Tests</stat>
</total>
<tag>
</tag>
<suite>
<stat pass="0" fail="1" id="s1" name="KOHL">KOHL</stat>
<stat pass="0" fail="1" id="s1-s1" name="Search NewSuite">KOHL.Search NewSuite</stat>
</suite>
</statistics>
<errors>
<msg timestamp="20210125 09:36:01.107" level="WARN">Keyword 'Capture Page Screenshot' could not be run on failure: WebDriverException: Message: chrome not reachable
  (Session info: chrome=88.0.4324.104)
</msg>
</errors>
</robot>
